<?xml version="1.0" encoding="UTF-8"?>
<!-- Generated by org.testng.reporters.JUnitReportReporter -->
<testsuite hostname="DESKTOP-3TB5UI4" failures="0" tests="3" name="com.TestngAnnotations.TestngAnnotations" time="0.017" errors="0" timestamp="2021-08-22T13:32:00 IST" skipped="0">
  <testcase classname="com.TestngAnnotations.TestngAnnotations" name="testCase1" time="0.011"/>
  <system-out/>
  <testcase classname="com.TestngAnnotations.TestngAnnotations" name="testCase3" time="0.004"/>
  <system-out/>
  <testcase classname="com.TestngAnnotations.TestngAnnotations" name="testCase2" time="0.002"/>
  <system-out/>
</testsuite> <!-- com.TestngAnnotations.TestngAnnotations -->
