<?xml version="1.0" encoding="UTF-8"?>
<!-- Generated by org.testng.reporters.JUnitReportReporter -->
<testsuite hostname="DESKTOP-3TB5UI4" failures="0" tests="2" name="com.pack2.DataProviderClass" time="0.016" errors="0" timestamp="2021-08-22T17:02:58 IST" skipped="0">
  <testcase classname="com.pack2.DataProviderClass" name="logingTest" time="0.013"/>
  <system-out/>
  <testcase classname="com.pack2.DataProviderClass" name="logingTest" time="0.003"/>
  <system-out/>
</testsuite> <!-- com.pack2.DataProviderClass -->
